<?xml version="1.0" encoding="UTF-8"?>
<testsuite xmlns:xsi="http://www.w3.org/2001/XMLSchema-instance" xsi:noNamespaceSchemaLocation="https://maven.apache.org/surefire/maven-surefire-plugin/xsd/surefire-test-report.xsd" name="de.onsite.quickstart.AppTest" time="0.038" tests="1" errors="0" skipped="0" failures="0">
  <properties>
    <property name="sun.desktop" value="windows"/>
    <property name="awt.toolkit" value="sun.awt.windows.WToolkit"/>
    <property name="file.encoding.pkg" value="sun.io"/>
    <property name="java.specification.version" value="1.8"/>
    <property name="sun.cpu.isalist" value="amd64"/>
    <property name="sun.jnu.encoding" value="Cp1252"/>
    <property name="java.class.path" value="C:\dev\jan\workspace\quickstart\target\test-classes;C:\dev\jan\workspace\quickstart\target\classes;C:\Users\jkorolko\.m2\repository\junit\junit\4.12\junit-4.12.jar;C:\Users\jkorolko\.m2\repository\org\hamcrest\hamcrest-core\1.3\hamcrest-core-1.3.jar;C:\Users\jkorolko\.m2\repository\org\springframework\boot\spring-boot-starter-web\1.3.1.RELEASE\spring-boot-starter-web-1.3.1.RELEASE.jar;C:\Users\jkorolko\.m2\repository\org\springframework\boot\spring-boot-starter\1.3.1.RELEASE\spring-boot-starter-1.3.1.RELEASE.jar;C:\Users\jkorolko\.m2\repository\org\springframework\boot\spring-boot\1.3.1.RELEASE\spring-boot-1.3.1.RELEASE.jar;C:\Users\jkorolko\.m2\repository\org\springframework\boot\spring-boot-autoconfigure\1.3.1.RELEASE\spring-boot-autoconfigure-1.3.1.RELEASE.jar;C:\Users\jkorolko\.m2\repository\org\springframework\boot\spring-boot-starter-logging\1.3.1.RELEASE\spring-boot-starter-logging-1.3.1.RELEASE.jar;C:\Users\jkorolko\.m2\repository\ch\qos\logback\logback-classic\1.1.3\logback-classic-1.1.3.jar;C:\Users\jkorolko\.m2\repository\ch\qos\logback\logback-core\1.1.3\logback-core-1.1.3.jar;C:\Users\jkorolko\.m2\repository\org\slf4j\jul-to-slf4j\1.7.13\jul-to-slf4j-1.7.13.jar;C:\Users\jkorolko\.m2\repository\org\slf4j\log4j-over-slf4j\1.7.13\log4j-over-slf4j-1.7.13.jar;C:\Users\jkorolko\.m2\repository\org\springframework\spring-core\4.2.4.RELEASE\spring-core-4.2.4.RELEASE.jar;C:\Users\jkorolko\.m2\repository\org\yaml\snakeyaml\1.16\snakeyaml-1.16.jar;C:\Users\jkorolko\.m2\repository\org\springframework\boot\spring-boot-starter-tomcat\1.3.1.RELEASE\spring-boot-starter-tomcat-1.3.1.RELEASE.jar;C:\Users\jkorolko\.m2\repository\org\apache\tomcat\embed\tomcat-embed-core\8.0.30\tomcat-embed-core-8.0.30.jar;C:\Users\jkorolko\.m2\repository\org\apache\tomcat\embed\tomcat-embed-el\8.0.30\tomcat-embed-el-8.0.30.jar;C:\Users\jkorolko\.m2\repository\org\apache\tomcat\embed\tomcat-embed-logging-juli\8.0.30\tomcat-embed-logging-juli-8.0.30.jar;C:\Users\jkorolko\.m2\repository\org\apache\tomcat\embed\tomcat-embed-websocket\8.0.30\tomcat-embed-websocket-8.0.30.jar;C:\Users\jkorolko\.m2\repository\org\springframework\boot\spring-boot-starter-validation\1.3.1.RELEASE\spring-boot-starter-validation-1.3.1.RELEASE.jar;C:\Users\jkorolko\.m2\repository\org\hibernate\hibernate-validator\5.2.2.Final\hibernate-validator-5.2.2.Final.jar;C:\Users\jkorolko\.m2\repository\javax\validation\validation-api\1.1.0.Final\validation-api-1.1.0.Final.jar;C:\Users\jkorolko\.m2\repository\com\fasterxml\classmate\1.1.0\classmate-1.1.0.jar;C:\Users\jkorolko\.m2\repository\com\fasterxml\jackson\core\jackson-databind\2.6.4\jackson-databind-2.6.4.jar;C:\Users\jkorolko\.m2\repository\com\fasterxml\jackson\core\jackson-annotations\2.6.4\jackson-annotations-2.6.4.jar;C:\Users\jkorolko\.m2\repository\com\fasterxml\jackson\core\jackson-core\2.6.4\jackson-core-2.6.4.jar;C:\Users\jkorolko\.m2\repository\org\springframework\spring-web\4.2.4.RELEASE\spring-web-4.2.4.RELEASE.jar;C:\Users\jkorolko\.m2\repository\org\springframework\spring-aop\4.2.4.RELEASE\spring-aop-4.2.4.RELEASE.jar;C:\Users\jkorolko\.m2\repository\aopalliance\aopalliance\1.0\aopalliance-1.0.jar;C:\Users\jkorolko\.m2\repository\org\springframework\spring-beans\4.2.4.RELEASE\spring-beans-4.2.4.RELEASE.jar;C:\Users\jkorolko\.m2\repository\org\springframework\spring-context\4.2.4.RELEASE\spring-context-4.2.4.RELEASE.jar;C:\Users\jkorolko\.m2\repository\org\springframework\spring-webmvc\4.2.4.RELEASE\spring-webmvc-4.2.4.RELEASE.jar;C:\Users\jkorolko\.m2\repository\org\springframework\spring-expression\4.2.4.RELEASE\spring-expression-4.2.4.RELEASE.jar;C:\Users\jkorolko\.m2\repository\org\springframework\boot\spring-boot-starter-data-jpa\1.3.1.RELEASE\spring-boot-starter-data-jpa-1.3.1.RELEASE.jar;C:\Users\jkorolko\.m2\repository\org\springframework\boot\spring-boot-starter-aop\1.3.1.RELEASE\spring-boot-starter-aop-1.3.1.RELEASE.jar;C:\Users\jkorolko\.m2\repository\org\aspectj\aspectjweaver\1.8.7\aspectjweaver-1.8.7.jar;C:\Users\jkorolko\.m2\repository\org\springframework\boot\spring-boot-starter-jdbc\1.3.1.RELEASE\spring-boot-starter-jdbc-1.3.1.RELEASE.jar;C:\Users\jkorolko\.m2\repository\org\apache\tomcat\tomcat-jdbc\8.0.30\tomcat-jdbc-8.0.30.jar;C:\Users\jkorolko\.m2\repository\org\apache\tomcat\tomcat-juli\8.0.30\tomcat-juli-8.0.30.jar;C:\Users\jkorolko\.m2\repository\org\springframework\spring-jdbc\4.2.4.RELEASE\spring-jdbc-4.2.4.RELEASE.jar;C:\Users\jkorolko\.m2\repository\org\hibernate\hibernate-entitymanager\4.3.11.Final\hibernate-entitymanager-4.3.11.Final.jar;C:\Users\jkorolko\.m2\repository\org\jboss\logging\jboss-logging\3.3.0.Final\jboss-logging-3.3.0.Final.jar;C:\Users\jkorolko\.m2\repository\org\jboss\logging\jboss-logging-annotations\1.2.0.Beta1\jboss-logging-annotations-1.2.0.Beta1.jar;C:\Users\jkorolko\.m2\repository\org\hibernate\hibernate-core\4.3.11.Final\hibernate-core-4.3.11.Final.jar;C:\Users\jkorolko\.m2\repository\antlr\antlr\2.7.7\antlr-2.7.7.jar;C:\Users\jkorolko\.m2\repository\org\jboss\jandex\1.1.0.Final\jandex-1.1.0.Final.jar;C:\Users\jkorolko\.m2\repository\dom4j\dom4j\1.6.1\dom4j-1.6.1.jar;C:\Users\jkorolko\.m2\repository\xml-apis\xml-apis\1.0.b2\xml-apis-1.0.b2.jar;C:\Users\jkorolko\.m2\repository\org\hibernate\common\hibernate-commons-annotations\4.0.5.Final\hibernate-commons-annotations-4.0.5.Final.jar;C:\Users\jkorolko\.m2\repository\org\hibernate\javax\persistence\hibernate-jpa-2.1-api\1.0.0.Final\hibernate-jpa-2.1-api-1.0.0.Final.jar;C:\Users\jkorolko\.m2\repository\org\javassist\javassist\3.18.1-GA\javassist-3.18.1-GA.jar;C:\Users\jkorolko\.m2\repository\javax\transaction\javax.transaction-api\1.2\javax.transaction-api-1.2.jar;C:\Users\jkorolko\.m2\repository\org\springframework\data\spring-data-jpa\1.9.2.RELEASE\spring-data-jpa-1.9.2.RELEASE.jar;C:\Users\jkorolko\.m2\repository\org\springframework\data\spring-data-commons\1.11.2.RELEASE\spring-data-commons-1.11.2.RELEASE.jar;C:\Users\jkorolko\.m2\repository\org\springframework\spring-orm\4.2.4.RELEASE\spring-orm-4.2.4.RELEASE.jar;C:\Users\jkorolko\.m2\repository\org\springframework\spring-tx\4.2.4.RELEASE\spring-tx-4.2.4.RELEASE.jar;C:\Users\jkorolko\.m2\repository\org\slf4j\slf4j-api\1.7.13\slf4j-api-1.7.13.jar;C:\Users\jkorolko\.m2\repository\org\slf4j\jcl-over-slf4j\1.7.13\jcl-over-slf4j-1.7.13.jar;C:\Users\jkorolko\.m2\repository\org\springframework\spring-aspects\4.2.4.RELEASE\spring-aspects-4.2.4.RELEASE.jar;C:\Users\jkorolko\.m2\repository\com\h2database\h2\1.4.190\h2-1.4.190.jar;C:\Users\jkorolko\.m2\repository\org\flywaydb\flyway-core\3.2.1\flyway-core-3.2.1.jar;"/>
    <property name="java.vm.vendor" value="Oracle Corporation"/>
    <property name="sun.arch.data.model" value="64"/>
    <property name="user.variant" value=""/>
    <property name="java.vendor.url" value="http://java.oracle.com/"/>
    <property name="user.timezone" value="Europe/Berlin"/>
    <property name="java.vm.specification.version" value="1.8"/>
    <property name="os.name" value="Windows 10"/>
    <property name="user.country" value="DE"/>
    <property name="sun.java.launcher" value="SUN_STANDARD"/>
    <property name="sun.boot.library.path" value="C:\dev\jdk\jdk1.8.0_121_64Bit\jre\bin"/>
    <property name="sun.java.command" value="C:\Users\jkorolko\AppData\Local\Temp\surefire1993269024174383670\surefirebooter4123564486832547823.jar C:\Users\jkorolko\AppData\Local\Temp\surefire1993269024174383670 2020-11-03T07-10-36_525-jvmRun1 surefire2117917705360085008tmp surefire_03726912573885130641tmp"/>
    <property name="surefire.test.class.path" value="C:\dev\jan\workspace\quickstart\target\test-classes;C:\dev\jan\workspace\quickstart\target\classes;C:\Users\jkorolko\.m2\repository\junit\junit\4.12\junit-4.12.jar;C:\Users\jkorolko\.m2\repository\org\hamcrest\hamcrest-core\1.3\hamcrest-core-1.3.jar;C:\Users\jkorolko\.m2\repository\org\springframework\boot\spring-boot-starter-web\1.3.1.RELEASE\spring-boot-starter-web-1.3.1.RELEASE.jar;C:\Users\jkorolko\.m2\repository\org\springframework\boot\spring-boot-starter\1.3.1.RELEASE\spring-boot-starter-1.3.1.RELEASE.jar;C:\Users\jkorolko\.m2\repository\org\springframework\boot\spring-boot\1.3.1.RELEASE\spring-boot-1.3.1.RELEASE.jar;C:\Users\jkorolko\.m2\repository\org\springframework\boot\spring-boot-autoconfigure\1.3.1.RELEASE\spring-boot-autoconfigure-1.3.1.RELEASE.jar;C:\Users\jkorolko\.m2\repository\org\springframework\boot\spring-boot-starter-logging\1.3.1.RELEASE\spring-boot-starter-logging-1.3.1.RELEASE.jar;C:\Users\jkorolko\.m2\repository\ch\qos\logback\logback-classic\1.1.3\logback-classic-1.1.3.jar;C:\Users\jkorolko\.m2\repository\ch\qos\logback\logback-core\1.1.3\logback-core-1.1.3.jar;C:\Users\jkorolko\.m2\repository\org\slf4j\jul-to-slf4j\1.7.13\jul-to-slf4j-1.7.13.jar;C:\Users\jkorolko\.m2\repository\org\slf4j\log4j-over-slf4j\1.7.13\log4j-over-slf4j-1.7.13.jar;C:\Users\jkorolko\.m2\repository\org\springframework\spring-core\4.2.4.RELEASE\spring-core-4.2.4.RELEASE.jar;C:\Users\jkorolko\.m2\repository\org\yaml\snakeyaml\1.16\snakeyaml-1.16.jar;C:\Users\jkorolko\.m2\repository\org\springframework\boot\spring-boot-starter-tomcat\1.3.1.RELEASE\spring-boot-starter-tomcat-1.3.1.RELEASE.jar;C:\Users\jkorolko\.m2\repository\org\apache\tomcat\embed\tomcat-embed-core\8.0.30\tomcat-embed-core-8.0.30.jar;C:\Users\jkorolko\.m2\repository\org\apache\tomcat\embed\tomcat-embed-el\8.0.30\tomcat-embed-el-8.0.30.jar;C:\Users\jkorolko\.m2\repository\org\apache\tomcat\embed\tomcat-embed-logging-juli\8.0.30\tomcat-embed-logging-juli-8.0.30.jar;C:\Users\jkorolko\.m2\repository\org\apache\tomcat\embed\tomcat-embed-websocket\8.0.30\tomcat-embed-websocket-8.0.30.jar;C:\Users\jkorolko\.m2\repository\org\springframework\boot\spring-boot-starter-validation\1.3.1.RELEASE\spring-boot-starter-validation-1.3.1.RELEASE.jar;C:\Users\jkorolko\.m2\repository\org\hibernate\hibernate-validator\5.2.2.Final\hibernate-validator-5.2.2.Final.jar;C:\Users\jkorolko\.m2\repository\javax\validation\validation-api\1.1.0.Final\validation-api-1.1.0.Final.jar;C:\Users\jkorolko\.m2\repository\com\fasterxml\classmate\1.1.0\classmate-1.1.0.jar;C:\Users\jkorolko\.m2\repository\com\fasterxml\jackson\core\jackson-databind\2.6.4\jackson-databind-2.6.4.jar;C:\Users\jkorolko\.m2\repository\com\fasterxml\jackson\core\jackson-annotations\2.6.4\jackson-annotations-2.6.4.jar;C:\Users\jkorolko\.m2\repository\com\fasterxml\jackson\core\jackson-core\2.6.4\jackson-core-2.6.4.jar;C:\Users\jkorolko\.m2\repository\org\springframework\spring-web\4.2.4.RELEASE\spring-web-4.2.4.RELEASE.jar;C:\Users\jkorolko\.m2\repository\org\springframework\spring-aop\4.2.4.RELEASE\spring-aop-4.2.4.RELEASE.jar;C:\Users\jkorolko\.m2\repository\aopalliance\aopalliance\1.0\aopalliance-1.0.jar;C:\Users\jkorolko\.m2\repository\org\springframework\spring-beans\4.2.4.RELEASE\spring-beans-4.2.4.RELEASE.jar;C:\Users\jkorolko\.m2\repository\org\springframework\spring-context\4.2.4.RELEASE\spring-context-4.2.4.RELEASE.jar;C:\Users\jkorolko\.m2\repository\org\springframework\spring-webmvc\4.2.4.RELEASE\spring-webmvc-4.2.4.RELEASE.jar;C:\Users\jkorolko\.m2\repository\org\springframework\spring-expression\4.2.4.RELEASE\spring-expression-4.2.4.RELEASE.jar;C:\Users\jkorolko\.m2\repository\org\springframework\boot\spring-boot-starter-data-jpa\1.3.1.RELEASE\spring-boot-starter-data-jpa-1.3.1.RELEASE.jar;C:\Users\jkorolko\.m2\repository\org\springframework\boot\spring-boot-starter-aop\1.3.1.RELEASE\spring-boot-starter-aop-1.3.1.RELEASE.jar;C:\Users\jkorolko\.m2\repository\org\aspectj\aspectjweaver\1.8.7\aspectjweaver-1.8.7.jar;C:\Users\jkorolko\.m2\repository\org\springframework\boot\spring-boot-starter-jdbc\1.3.1.RELEASE\spring-boot-starter-jdbc-1.3.1.RELEASE.jar;C:\Users\jkorolko\.m2\repository\org\apache\tomcat\tomcat-jdbc\8.0.30\tomcat-jdbc-8.0.30.jar;C:\Users\jkorolko\.m2\repository\org\apache\tomcat\tomcat-juli\8.0.30\tomcat-juli-8.0.30.jar;C:\Users\jkorolko\.m2\repository\org\springframework\spring-jdbc\4.2.4.RELEASE\spring-jdbc-4.2.4.RELEASE.jar;C:\Users\jkorolko\.m2\repository\org\hibernate\hibernate-entitymanager\4.3.11.Final\hibernate-entitymanager-4.3.11.Final.jar;C:\Users\jkorolko\.m2\repository\org\jboss\logging\jboss-logging\3.3.0.Final\jboss-logging-3.3.0.Final.jar;C:\Users\jkorolko\.m2\repository\org\jboss\logging\jboss-logging-annotations\1.2.0.Beta1\jboss-logging-annotations-1.2.0.Beta1.jar;C:\Users\jkorolko\.m2\repository\org\hibernate\hibernate-core\4.3.11.Final\hibernate-core-4.3.11.Final.jar;C:\Users\jkorolko\.m2\repository\antlr\antlr\2.7.7\antlr-2.7.7.jar;C:\Users\jkorolko\.m2\repository\org\jboss\jandex\1.1.0.Final\jandex-1.1.0.Final.jar;C:\Users\jkorolko\.m2\repository\dom4j\dom4j\1.6.1\dom4j-1.6.1.jar;C:\Users\jkorolko\.m2\repository\xml-apis\xml-apis\1.0.b2\xml-apis-1.0.b2.jar;C:\Users\jkorolko\.m2\repository\org\hibernate\common\hibernate-commons-annotations\4.0.5.Final\hibernate-commons-annotations-4.0.5.Final.jar;C:\Users\jkorolko\.m2\repository\org\hibernate\javax\persistence\hibernate-jpa-2.1-api\1.0.0.Final\hibernate-jpa-2.1-api-1.0.0.Final.jar;C:\Users\jkorolko\.m2\repository\org\javassist\javassist\3.18.1-GA\javassist-3.18.1-GA.jar;C:\Users\jkorolko\.m2\repository\javax\transaction\javax.transaction-api\1.2\javax.transaction-api-1.2.jar;C:\Users\jkorolko\.m2\repository\org\springframework\data\spring-data-jpa\1.9.2.RELEASE\spring-data-jpa-1.9.2.RELEASE.jar;C:\Users\jkorolko\.m2\repository\org\springframework\data\spring-data-commons\1.11.2.RELEASE\spring-data-commons-1.11.2.RELEASE.jar;C:\Users\jkorolko\.m2\repository\org\springframework\spring-orm\4.2.4.RELEASE\spring-orm-4.2.4.RELEASE.jar;C:\Users\jkorolko\.m2\repository\org\springframework\spring-tx\4.2.4.RELEASE\spring-tx-4.2.4.RELEASE.jar;C:\Users\jkorolko\.m2\repository\org\slf4j\slf4j-api\1.7.13\slf4j-api-1.7.13.jar;C:\Users\jkorolko\.m2\repository\org\slf4j\jcl-over-slf4j\1.7.13\jcl-over-slf4j-1.7.13.jar;C:\Users\jkorolko\.m2\repository\org\springframework\spring-aspects\4.2.4.RELEASE\spring-aspects-4.2.4.RELEASE.jar;C:\Users\jkorolko\.m2\repository\com\h2database\h2\1.4.190\h2-1.4.190.jar;C:\Users\jkorolko\.m2\repository\org\flywaydb\flyway-core\3.2.1\flyway-core-3.2.1.jar;"/>
    <property name="sun.cpu.endian" value="little"/>
    <property name="user.home" value="C:\Users\jkorolko"/>
    <property name="user.language" value="de"/>
    <property name="java.specification.vendor" value="Oracle Corporation"/>
    <property name="java.home" value="C:\dev\jdk\jdk1.8.0_121_64Bit\jre"/>
    <property name="basedir" value="C:\dev\jan\workspace\quickstart"/>
    <property name="file.separator" value="\"/>
    <property name="line.separator" value="&#10;"/>
    <property name="java.vm.specification.vendor" value="Oracle Corporation"/>
    <property name="java.specification.name" value="Java Platform API Specification"/>
    <property name="java.awt.graphicsenv" value="sun.awt.Win32GraphicsEnvironment"/>
    <property name="surefire.real.class.path" value="C:\Users\jkorolko\AppData\Local\Temp\surefire1993269024174383670\surefirebooter4123564486832547823.jar"/>
    <property name="sun.boot.class.path" value="C:\dev\jdk\jdk1.8.0_121_64Bit\jre\lib\resources.jar;C:\dev\jdk\jdk1.8.0_121_64Bit\jre\lib\rt.jar;C:\dev\jdk\jdk1.8.0_121_64Bit\jre\lib\sunrsasign.jar;C:\dev\jdk\jdk1.8.0_121_64Bit\jre\lib\jsse.jar;C:\dev\jdk\jdk1.8.0_121_64Bit\jre\lib\jce.jar;C:\dev\jdk\jdk1.8.0_121_64Bit\jre\lib\charsets.jar;C:\dev\jdk\jdk1.8.0_121_64Bit\jre\lib\jfr.jar;C:\dev\jdk\jdk1.8.0_121_64Bit\jre\classes"/>
    <property name="user.script" value=""/>
    <property name="sun.management.compiler" value="HotSpot 64-Bit Tiered Compilers"/>
    <property name="java.runtime.version" value="1.8.0_121-b13"/>
    <property name="user.name" value="jkorolko"/>
    <property name="path.separator" value=";"/>
    <property name="os.version" value="10.0"/>
    <property name="java.endorsed.dirs" value="C:\dev\jdk\jdk1.8.0_121_64Bit\jre\lib\endorsed"/>
    <property name="java.runtime.name" value="Java(TM) SE Runtime Environment"/>
    <property name="file.encoding" value="Cp1252"/>
    <property name="java.vm.name" value="Java HotSpot(TM) 64-Bit Server VM"/>
    <property name="localRepository" value="C:\Users\jkorolko\.m2\repository"/>
    <property name="java.vendor.url.bug" value="http://bugreport.sun.com/bugreport/"/>
    <property name="java.io.tmpdir" value="C:\Users\jkorolko\AppData\Local\Temp\"/>
    <property name="java.version" value="1.8.0_121"/>
    <property name="user.dir" value="C:\dev\jan\workspace\quickstart"/>
    <property name="os.arch" value="amd64"/>
    <property name="java.vm.specification.name" value="Java Virtual Machine Specification"/>
    <property name="java.awt.printerjob" value="sun.awt.windows.WPrinterJob"/>
    <property name="sun.os.patch.level" value=""/>
    <property name="java.library.path" value="C:\dev\jdk\jdk1.8.0_121_64Bit\jre\bin;C:\WINDOWS\Sun\Java\bin;C:\WINDOWS\system32;C:\WINDOWS;C:\Users\jkorolko\bin;C:\Program Files\Git\mingw64\bin;C:\Program Files\Git\usr\local\bin;C:\Program Files\Git\usr\bin;C:\Program Files\Git\usr\bin;C:\Program Files\Git\mingw64\bin;C:\Program Files\Git\usr\bin;C:\Users\jkorolko\bin;C:\Program Files (x86)\Common Files\Oracle\Java\javapath;C:\WINDOWS\system32;C:\WINDOWS;C:\WINDOWS\System32\Wbem;C:\WINDOWS\System32\WindowsPowerShell\v1.0;C:\WINDOWS\System32\OpenSSH;C:\Program Files\Git\cmd;C:\Program Files\TortoiseSVN\bin;C:\dev\jdk\jdk1.8.0_121_64Bit\bin;C:\dev\tools\maven\apache-maven-3.6.3\bin;C:\Users\jkorolko\AppData\Local\Microsoft\WindowsApps;C:\Program Files\Git\usr\bin\vendor_perl;C:\Program Files\Git\usr\bin\core_perl;."/>
    <property name="java.vm.info" value="mixed mode"/>
    <property name="java.vendor" value="Oracle Corporation"/>
    <property name="java.vm.version" value="25.121-b13"/>
    <property name="java.ext.dirs" value="C:\dev\jdk\jdk1.8.0_121_64Bit\jre\lib\ext;C:\WINDOWS\Sun\Java\lib\ext"/>
    <property name="sun.io.unicode.encoding" value="UnicodeLittle"/>
    <property name="java.class.version" value="52.0"/>
  </properties>
  <testcase name="shouldAnswerWithTrue" classname="de.onsite.quickstart.AppTest" time="0.002"/>
</testsuite>